#
# There is insufficient memory for the Java Runtime Environment to continue.
# Native memory allocation (mmap) failed to map 266338304 bytes for G1 virtual space
# Possible reasons:
#   The system is out of physical RAM or swap space
#   The process is running with CompressedOops enabled, and the Java Heap may be blocking the growth of the native heap
# Possible solutions:
#   Reduce memory load on the system
#   Increase physical memory or swap space
#   Check if swap backing store is full
#   Decrease Java heap size (-Xmx/-Xms)
#   Decrease number of Java threads
#   Decrease Java thread stack sizes (-Xss)
#   Set larger code cache with -XX:ReservedCodeCacheSize=
#   JVM is running with Zero Based Compressed Oops mode in which the Java heap is
#     placed in the first 32GB address space. The Java Heap base address is the
#     maximum limit for the native heap growth. Please use -XX:HeapBaseMinAddress
#     to set the Java Heap base and to place the Java Heap above 32GB virtual address.
# This output file may be truncated or incomplete.
#
#  Out of Memory Error (os_windows.cpp:3530), pid=28920, tid=31096
#
# JRE version:  (18.0.2.1+1) (build )
# Java VM: Java HotSpot(TM) 64-Bit Server VM (18.0.2.1+1-1, mixed mode, sharing, tiered, compressed oops, compressed class ptrs, g1 gc, windows-amd64)
# No core dump will be written. Minidumps are not enabled by default on client versions of Windows
#

---------------  S U M M A R Y ------------

Command Line: -Dfile.encoding=UTF-8 --module-path=C:\Users\pranav\Documents\NetBeansProjects\Bank management system\build\classes bank.management.system.fastcash

Host: Intel(R) Core(TM) i7-10750H CPU @ 2.60GHz, 12 cores, 15G,  Windows 11 , 64 bit Build 22621 (10.0.22621.2215)
Time: Sat Aug 26 14:26:01 2023 India Standard Time elapsed time: 0.011952 seconds (0d 0h 0m 0s)

---------------  T H R E A D  ---------------

Current thread (0x0000019c4c47d920):  JavaThread "Unknown thread" [_thread_in_vm, id=31096, stack(0x00000096f8b00000,0x00000096f8c00000)]

Stack: [0x00000096f8b00000,0x00000096f8c00000]
Native frames: (J=compiled Java code, j=interpreted, Vv=VM code, C=native code)
V  [jvm.dll+0x6993aa]
V  [jvm.dll+0x7f46dd]
V  [jvm.dll+0x7f5fee]
V  [jvm.dll+0x7f66a3]
V  [jvm.dll+0x25cf1f]
V  [jvm.dll+0x6962f9]
V  [jvm.dll+0x68ae2a]
V  [jvm.dll+0x32255b]
V  [jvm.dll+0x329f36]
V  [jvm.dll+0x37eade]
V  [jvm.dll+0x37ed0f]
V  [jvm.dll+0x2fa2da]
V  [jvm.dll+0x2fb33d]
V  [jvm.dll+0x7c3310]
V  [jvm.dll+0x38be61]
V  [jvm.dll+0x7a2023]
V  [jvm.dll+0x40dc3f]
V  [jvm.dll+0x40f611]
C  [jli.dll+0x526b]
C  [ucrtbase.dll+0x29363]
C  [KERNEL32.DLL+0x1257d]
C  [ntdll.dll+0x5aa68]


---------------  P R O C E S S  ---------------

Threads class SMR info:
_java_thread_list=0x00007ff842dbe550, length=0, elements={
}

Java Threads: ( => current thread )

Other Threads:
  0x0000019c4c4eec10 WorkerThread "GC Thread#0" [stack: 0x00000096f8c00000,0x00000096f8d00000] [id=35700]
  0x0000019c4c4ff890 ConcurrentGCThread "G1 Main Marker" [stack: 0x00000096f8d00000,0x00000096f8e00000] [id=20388]
  0x0000019c4c500280 WorkerThread "G1 Conc#0" [stack: 0x00000096f8e00000,0x00000096f8f00000] [id=21772]

[error occurred during error reporting (printing all threads), id 0xc0000005, EXCEPTION_ACCESS_VIOLATION (0xc0000005) at pc=0x00007ff8425ea877]

VM state: not at safepoint (not fully initialized)

VM Mutex/Monitor currently owned by a thread:  ([mutex/lock_event])
[0x0000019c4c47aa00] Heap_lock - owner thread: 0x0000019c4c47d920

Heap address: 0x0000000702a00000, size: 4054 MB, Compressed Oops mode: Zero based, Oop shift amount: 3

CDS archive(s) mapped at: [0x0000000000000000-0x0000000000000000-0x0000000000000000), size 0, SharedBaseAddress: 0x0000000800000000, ArchiveRelocationMode: 0.
Narrow klass base: 0x0000000000000000, Narrow klass shift: 0, Narrow klass range: 0x0

GC Precious Log:
 CardTable entry size: 512
 Card Set container configuration: InlinePtr #cards 4 size 8 Array Of Cards #cards 16 size 48 Howl #buckets 8 coarsen threshold 3686 Howl Bitmap #cards 512 size 80 coarsen threshold 460 Card regions per heap region 1 cards per card region 4096

Heap:
 garbage-first heap   total 0K, used 0K [0x0000000702a00000, 0x0000000800000000)
  region size 2048K, 0 young (0K), 0 survivors (0K)

[error occurred during error reporting (printing heap information), id 0xc0000005, EXCEPTION_ACCESS_VIOLATION (0xc0000005) at pc=0x00007ff8429d1839]

GC Heap History (0 events):
No events

Deoptimization events (0 events):
No events

Classes loaded (0 events):
No events

Classes unloaded (0 events):
No events

Classes redefined (0 events):
No events

Internal exceptions (0 events):
No events

VM Operations (0 events):
No events

Events (1 events):
Event: 0.007 Loaded shared library C:\Program Files\Java\jdk-18.0.2.1\bin\java.dll


Dynamic libraries:
0x00007ff6dac00000 - 0x00007ff6dac10000 	C:\Program Files\Java\jdk-18.0.2.1\bin\java.exe
0x00007ff8adf50000 - 0x00007ff8ae164000 	C:\WINDOWS\SYSTEM32\ntdll.dll
0x00007ff8ac530000 - 0x00007ff8ac5f4000 	C:\WINDOWS\System32\KERNEL32.DLL
0x00007ff8ab560000 - 0x00007ff8ab904000 	C:\WINDOWS\System32\KERNELBASE.dll
0x00007ff8aba50000 - 0x00007ff8abb61000 	C:\WINDOWS\System32\ucrtbase.dll
0x00007ff8a8f60000 - 0x00007ff8a8f7a000 	C:\Program Files\Java\jdk-18.0.2.1\bin\VCRUNTIME140.dll
0x00007ff8a8ef0000 - 0x00007ff8a8f08000 	C:\Program Files\Java\jdk-18.0.2.1\bin\jli.dll
0x00007ff8ac850000 - 0x00007ff8ac900000 	C:\WINDOWS\System32\ADVAPI32.dll
0x00007ff8abfc0000 - 0x00007ff8ac067000 	C:\WINDOWS\System32\msvcrt.dll
0x00007ff8abce0000 - 0x00007ff8abd86000 	C:\WINDOWS\System32\sechost.dll
0x00007ff8abea0000 - 0x00007ff8abfb7000 	C:\WINDOWS\System32\RPCRT4.dll
0x00007ff8ad520000 - 0x00007ff8ad6ce000 	C:\WINDOWS\System32\USER32.dll
0x00007ff8ab300000 - 0x00007ff8ab326000 	C:\WINDOWS\System32\win32u.dll
0x00007ff894d40000 - 0x00007ff894fd3000 	C:\WINDOWS\WinSxS\amd64_microsoft.windows.common-controls_6595b64144ccf1df_6.0.22621.2215_none_270d72677387dfc3\COMCTL32.dll
0x00007ff8ac920000 - 0x00007ff8ac949000 	C:\WINDOWS\System32\GDI32.dll
0x00007ff8ab3d0000 - 0x00007ff8ab4e8000 	C:\WINDOWS\System32\gdi32full.dll
0x00007ff8ab330000 - 0x00007ff8ab3ca000 	C:\WINDOWS\System32\msvcp_win.dll
0x00007ff8a4e90000 - 0x00007ff8a4e9a000 	C:\WINDOWS\SYSTEM32\VERSION.dll
0x00007ff8ac4f0000 - 0x00007ff8ac521000 	C:\WINDOWS\System32\IMM32.DLL
0x00007ff8a8ec0000 - 0x00007ff8a8ecc000 	C:\Program Files\Java\jdk-18.0.2.1\bin\vcruntime140_1.dll
0x00007ff8a0440000 - 0x00007ff8a04cd000 	C:\Program Files\Java\jdk-18.0.2.1\bin\msvcp140.dll
0x00007ff8422e0000 - 0x00007ff842ef1000 	C:\Program Files\Java\jdk-18.0.2.1\bin\server\jvm.dll
0x00007ff8ad510000 - 0x00007ff8ad518000 	C:\WINDOWS\System32\PSAPI.DLL
0x00007ff8a8f80000 - 0x00007ff8a8f89000 	C:\WINDOWS\SYSTEM32\WSOCK32.dll
0x00007ff8a56b0000 - 0x00007ff8a56e4000 	C:\WINDOWS\SYSTEM32\WINMM.dll
0x00007ff8adde0000 - 0x00007ff8ade51000 	C:\WINDOWS\System32\WS2_32.dll
0x00007ff8aa3b0000 - 0x00007ff8aa3c8000 	C:\WINDOWS\SYSTEM32\kernel.appcore.dll
0x00007ff8a8eb0000 - 0x00007ff8a8eba000 	C:\Program Files\Java\jdk-18.0.2.1\bin\jimage.dll
0x00007ff8a8c50000 - 0x00007ff8a8e7e000 	C:\WINDOWS\SYSTEM32\DBGHELP.DLL
0x00007ff8ada50000 - 0x00007ff8addda000 	C:\WINDOWS\System32\combase.dll
0x00007ff8ad890000 - 0x00007ff8ad967000 	C:\WINDOWS\System32\OLEAUT32.dll
0x00007ff8a4830000 - 0x00007ff8a4862000 	C:\WINDOWS\SYSTEM32\dbgcore.DLL
0x00007ff8ab910000 - 0x00007ff8ab98a000 	C:\WINDOWS\System32\bcryptPrimitives.dll
0x00007ff8a0910000 - 0x00007ff8a0935000 	C:\Program Files\Java\jdk-18.0.2.1\bin\java.dll

dbghelp: loaded successfully - version: 4.0.5 - missing functions: none
symbol engine: initialized successfully - sym options: 0x614 - pdb path: .;C:\Program Files\Java\jdk-18.0.2.1\bin;C:\WINDOWS\SYSTEM32;C:\WINDOWS\WinSxS\amd64_microsoft.windows.common-controls_6595b64144ccf1df_6.0.22621.2215_none_270d72677387dfc3;C:\Program Files\Java\jdk-18.0.2.1\bin\server

VM Arguments:
jvm_args: -Dfile.encoding=UTF-8 --module-path=C:\Users\pranav\Documents\NetBeansProjects\Bank management system\build\classes 
java_command: bank.management.system.fastcash
java_class_path (initial): C:\Users\pranav\Documents\NetBeansProjects\Bank management system\jar file\jcalendar-tz-1.3.3-4.jar;C:\Users\pranav\Documents\NetBeansProjects\Bank management system\jar file\mysql-connector-java-8.0.28.jar;C:\Users\pranav\Documents\NetBeansProjects\Bank management system\build\classes
Launcher Type: SUN_STANDARD

[Global flags]
     intx CICompilerCount                          = 4                                         {product} {ergonomic}
     uint ConcGCThreads                            = 3                                         {product} {ergonomic}
     uint G1ConcRefinementThreads                  = 10                                        {product} {ergonomic}
   size_t G1HeapRegionSize                         = 2097152                                   {product} {ergonomic}
    uintx GCDrainStackTargetSize                   = 64                                        {product} {ergonomic}
   size_t InitialHeapSize                          = 266338304                                 {product} {ergonomic}
   size_t MarkStackSize                            = 4194304                                   {product} {ergonomic}
   size_t MaxHeapSize                              = 4250927104                                {product} {ergonomic}
   size_t MinHeapDeltaBytes                        = 2097152                                   {product} {ergonomic}
   size_t MinHeapSize                              = 8388608                                   {product} {ergonomic}
    uintx NonNMethodCodeHeapSize                   = 5839372                                {pd product} {ergonomic}
    uintx NonProfiledCodeHeapSize                  = 122909434                              {pd product} {ergonomic}
    uintx ProfiledCodeHeapSize                     = 122909434                              {pd product} {ergonomic}
    uintx ReservedCodeCacheSize                    = 251658240                              {pd product} {ergonomic}
     bool SegmentedCodeCache                       = true                                      {product} {ergonomic}
   size_t SoftMaxHeapSize                          = 4250927104                             {manageable} {ergonomic}
     bool UseCompressedClassPointers               = true                           {product lp64_product} {ergonomic}
     bool UseCompressedOops                        = true                           {product lp64_product} {ergonomic}
     bool UseG1GC                                  = true                                      {product} {ergonomic}
     bool UseLargePagesIndividualAllocation        = false                                  {pd product} {ergonomic}

Logging:
Log output configuration:
 #0: stdout all=warning uptime,level,tags foldmultilines=false
 #1: stderr all=off uptime,level,tags foldmultilines=false

Environment Variables:
PATH=C:\Program Files\Common Files\Oracle\Java\javapath;C:\Windows\system32;C:\Windows;C:\Windows\System32\Wbem;C:\Windows\System32\WindowsPowerShell\v1.0\;C:\Windows\System32\OpenSSH\;C:\Program Files (x86)\NVIDIA Corporation\PhysX\Common;C:\Program Files\NVIDIA Corporation\NVIDIA NvDLISR;C:\WINDOWS\system32;C:\WINDOWS;C:\WINDOWS\System32\Wbem;C:\WINDOWS\System32\WindowsPowerShell\v1.0\;C:\WINDOWS\System32\OpenSSH\;C:\Program Files\dotnet\;C:\Program Files\Microsoft SQL Server\120\Tools\Binn\;C:\Program Files\Common Files\Autodesk Shared\;C:\Program Files\Cloudflare\Cloudflare WARP\;C:\Program Files\Git\cmd;C:\Program Files\MySQL\MySQL Shell 8.0\bin\;C:\Users\pranav\AppData\Local\Microsoft\WindowsApps;;C:\Users\pranav\AppData\Local\Programs\Microsoft VS Code\bin;C:\Program Files\JetBrains\IntelliJ IDEA Community Edition 2022.2.2\bin;
USERNAME=pranav
OS=Windows_NT
PROCESSOR_IDENTIFIER=Intel64 Family 6 Model 165 Stepping 2, GenuineIntel



---------------  S Y S T E M  ---------------

OS:
 Windows 11 , 64 bit Build 22621 (10.0.22621.2215)
OS uptime: 1 days 18:14 hours
Hyper-V role detected

CPU: total 12 (initial active 12) (6 cores per cpu, 2 threads per core) family 6 model 165 stepping 2 microcode 0xe2, cx8, cmov, fxsr, ht, mmx, 3dnowpref, sse, sse2, sse3, ssse3, sse4.1, sse4.2, popcnt, lzcnt, tsc, tscinvbit, avx, avx2, aes, erms, clmul, bmi1, bmi2, adx, fma, vzeroupper, clflush, clflushopt, hv

Memory: 4k page, system-wide physical 16215M (2921M free)
TotalPageFile size 46481M (AvailPageFile size 128M)
current process WorkingSet (physical memory assigned to process): 12M, peak: 12M
current process commit charge ("private bytes"): 64M, peak: 318M

vm_info: Java HotSpot(TM) 64-Bit Server VM (18.0.2.1+1-1) for windows-amd64 JRE (18.0.2.1+1-1), built on Aug 16 2022 01:46:33 by "mach5one" with MS VC++ 16.8 / 16.9 (VS2019)

END.
