#
# There is insufficient memory for the Java Runtime Environment to continue.
# Native memory allocation (mmap) failed to map 65536 bytes for Failed to commit metaspace.
# Possible reasons:
#   The system is out of physical RAM or swap space
#   The process is running with CompressedOops enabled, and the Java Heap may be blocking the growth of the native heap
# Possible solutions:
#   Reduce memory load on the system
#   Increase physical memory or swap space
#   Check if swap backing store is full
#   Decrease Java heap size (-Xmx/-Xms)
#   Decrease number of Java threads
#   Decrease Java thread stack sizes (-Xss)
#   Set larger code cache with -XX:ReservedCodeCacheSize=
#   JVM is running with Zero Based Compressed Oops mode in which the Java heap is
#     placed in the first 32GB address space. The Java Heap base address is the
#     maximum limit for the native heap growth. Please use -XX:HeapBaseMinAddress
#     to set the Java Heap base and to place the Java Heap above 32GB virtual address.
# This output file may be truncated or incomplete.
#
#  Out of Memory Error (virtualSpaceNode.cpp:110), pid=16604, tid=15984
#
# JRE version: Java(TM) SE Runtime Environment (18.0.2.1+1) (build 18.0.2.1+1-1)
# Java VM: Java HotSpot(TM) 64-Bit Server VM (18.0.2.1+1-1, mixed mode, sharing, tiered, compressed oops, compressed class ptrs, g1 gc, windows-amd64)
# No core dump will be written. Minidumps are not enabled by default on client versions of Windows
#

---------------  S U M M A R Y ------------

Command Line: -Dfile.encoding=UTF-8 --module-path=C:\Users\pranav\Documents\NetBeansProjects\Bank management system\build\classes bank.management.system.pinchange

Host: Intel(R) Core(TM) i7-10750H CPU @ 2.60GHz, 12 cores, 15G,  Windows 11 , 64 bit Build 22621 (10.0.22621.2215)
Time: Sat Aug 26 15:07:17 2023 India Standard Time elapsed time: 0.069121 seconds (0d 0h 0m 0s)

---------------  T H R E A D  ---------------

Current thread (0x00000280b20fb440):  JavaThread "main" [_thread_in_vm, id=15984, stack(0x000000ca83d00000,0x000000ca83e00000)]

Stack: [0x000000ca83d00000,0x000000ca83e00000]
Native frames: (J=compiled Java code, j=interpreted, Vv=VM code, C=native code)
V  [jvm.dll+0x6993aa]
V  [jvm.dll+0x7f46dd]
V  [jvm.dll+0x7f5fee]
V  [jvm.dll+0x7f66a3]
V  [jvm.dll+0x25cf1f]
V  [jvm.dll+0x7f03eb]
V  [jvm.dll+0x63f526]
V  [jvm.dll+0x63f58a]
V  [jvm.dll+0x641e0e]
V  [jvm.dll+0x641cce]
V  [jvm.dll+0x63feee]
V  [jvm.dll+0x252ab0]
V  [jvm.dll+0x20333d]
V  [jvm.dll+0x1f8d61]
V  [jvm.dll+0x55dc05]
V  [jvm.dll+0x209c17]
V  [jvm.dll+0x76dd8d]
V  [jvm.dll+0x76f0c6]
V  [jvm.dll+0x76f851]
V  [jvm.dll+0x203b64]
V  [jvm.dll+0x1f8d7a]
V  [jvm.dll+0x55dc05]
V  [jvm.dll+0x209c17]
V  [jvm.dll+0x76dd8d]
V  [jvm.dll+0x76f0c6]
V  [jvm.dll+0x76f851]
V  [jvm.dll+0x203b64]
V  [jvm.dll+0x1f8d7a]
V  [jvm.dll+0x55dc05]
V  [jvm.dll+0x209c17]
V  [jvm.dll+0x76dd8d]
V  [jvm.dll+0x76f0c6]
V  [jvm.dll+0x43441a]
C  [java.dll+0x1a55]

Java frames: (J=compiled Java code, j=interpreted, Vv=VM code)
j  java.lang.ClassLoader.findBootstrapClass(Ljava/lang/String;)Ljava/lang/Class;+0 java.base@18.0.2.1
j  java.lang.ClassLoader.findBootstrapClassOrNull(Ljava/lang/String;)Ljava/lang/Class;+10 java.base@18.0.2.1
j  java.lang.System$2.findBootstrapClassOrNull(Ljava/lang/String;)Ljava/lang/Class;+1 java.base@18.0.2.1
j  jdk.internal.loader.ClassLoaders$BootClassLoader.loadClassOrNull(Ljava/lang/String;Z)Ljava/lang/Class;+4 java.base@18.0.2.1
j  jdk.internal.loader.BuiltinClassLoader.loadClassOrNull(Ljava/lang/String;)Ljava/lang/Class;+3 java.base@18.0.2.1
j  jdk.internal.loader.BuiltinClassLoader.loadClassOrNull(Ljava/lang/String;Z)Ljava/lang/Class;+66 java.base@18.0.2.1
j  jdk.internal.loader.BuiltinClassLoader.loadClass(Ljava/lang/String;Z)Ljava/lang/Class;+3 java.base@18.0.2.1
j  jdk.internal.loader.ClassLoaders$AppClassLoader.loadClass(Ljava/lang/String;Z)Ljava/lang/Class;+36 java.base@18.0.2.1
j  java.lang.ClassLoader.loadClass(Ljava/lang/String;)Ljava/lang/Class;+3 java.base@18.0.2.1
v  ~StubRoutines::call_stub
j  java.lang.ClassLoader.defineClass1(Ljava/lang/ClassLoader;Ljava/lang/String;[BIILjava/security/ProtectionDomain;Ljava/lang/String;)Ljava/lang/Class;+0 java.base@18.0.2.1
j  java.lang.ClassLoader.defineClass(Ljava/lang/String;[BIILjava/security/ProtectionDomain;)Ljava/lang/Class;+27 java.base@18.0.2.1
j  java.security.SecureClassLoader.defineClass(Ljava/lang/String;[BIILjava/security/CodeSource;)Ljava/lang/Class;+12 java.base@18.0.2.1
j  jdk.internal.loader.BuiltinClassLoader.defineClass(Ljava/lang/String;Ljdk/internal/loader/Resource;)Ljava/lang/Class;+117 java.base@18.0.2.1
j  jdk.internal.loader.BuiltinClassLoader.findClassOnClassPathOrNull(Ljava/lang/String;)Ljava/lang/Class;+37 java.base@18.0.2.1
j  jdk.internal.loader.BuiltinClassLoader.loadClassOrNull(Ljava/lang/String;Z)Ljava/lang/Class;+111 java.base@18.0.2.1
j  jdk.internal.loader.BuiltinClassLoader.loadClass(Ljava/lang/String;Z)Ljava/lang/Class;+3 java.base@18.0.2.1
j  jdk.internal.loader.ClassLoaders$AppClassLoader.loadClass(Ljava/lang/String;Z)Ljava/lang/Class;+36 java.base@18.0.2.1
j  java.lang.ClassLoader.loadClass(Ljava/lang/String;)Ljava/lang/Class;+3 java.base@18.0.2.1
v  ~StubRoutines::call_stub
j  java.lang.Class.forName0(Ljava/lang/String;ZLjava/lang/ClassLoader;Ljava/lang/Class;)Ljava/lang/Class;+0 java.base@18.0.2.1
j  java.lang.Class.forName(Ljava/lang/String;ZLjava/lang/ClassLoader;Ljava/lang/Class;)Ljava/lang/Class;+37 java.base@18.0.2.1
j  java.lang.Class.forName(Ljava/lang/String;ZLjava/lang/ClassLoader;)Ljava/lang/Class;+20 java.base@18.0.2.1
j  sun.launcher.LauncherHelper.loadMainClass(ILjava/lang/String;)Ljava/lang/Class;+95 java.base@18.0.2.1
j  sun.launcher.LauncherHelper.checkAndLoadMain(ZILjava/lang/String;)Ljava/lang/Class;+42 java.base@18.0.2.1
v  ~StubRoutines::call_stub

---------------  P R O C E S S  ---------------

Threads class SMR info:
_java_thread_list=0x00000280d94e2790, length=13, elements={
0x00000280b20fb440, 0x00000280d5213ae0, 0x00000280d5214740, 0x00000280d522d680,
0x00000280d522e020, 0x00000280d52309d0, 0x00000280d5231370, 0x00000280d5232040,
0x00000280d5234a30, 0x00000280d523b840, 0x00000280d51fefc0, 0x00000280d9534c60,
0x00000280d981f8f0
}

Java Threads: ( => current thread )
=>0x00000280b20fb440 JavaThread "main" [_thread_in_vm, id=15984, stack(0x000000ca83d00000,0x000000ca83e00000)]
  0x00000280d5213ae0 JavaThread "Reference Handler" daemon [_thread_blocked, id=10844, stack(0x000000ca84400000,0x000000ca84500000)]
  0x00000280d5214740 JavaThread "Finalizer" daemon [_thread_blocked, id=33648, stack(0x000000ca84500000,0x000000ca84600000)]
  0x00000280d522d680 JavaThread "Signal Dispatcher" daemon [_thread_blocked, id=17152, stack(0x000000ca84600000,0x000000ca84700000)]
  0x00000280d522e020 JavaThread "Attach Listener" daemon [_thread_blocked, id=9532, stack(0x000000ca84700000,0x000000ca84800000)]
  0x00000280d52309d0 JavaThread "Service Thread" daemon [_thread_blocked, id=27368, stack(0x000000ca84800000,0x000000ca84900000)]
  0x00000280d5231370 JavaThread "Monitor Deflation Thread" daemon [_thread_blocked, id=29056, stack(0x000000ca84900000,0x000000ca84a00000)]
  0x00000280d5232040 JavaThread "C2 CompilerThread0" daemon [_thread_blocked, id=36240, stack(0x000000ca84a00000,0x000000ca84b00000)]
  0x00000280d5234a30 JavaThread "C1 CompilerThread0" daemon [_thread_in_vm, id=21640, stack(0x000000ca84b00000,0x000000ca84c00000)]
  0x00000280d523b840 JavaThread "Sweeper thread" daemon [_thread_blocked, id=27384, stack(0x000000ca84c00000,0x000000ca84d00000)]
  0x00000280d51fefc0 JavaThread "Common-Cleaner" daemon [_thread_blocked, id=22996, stack(0x000000ca84d00000,0x000000ca84e00000)]
  0x00000280d9534c60 JavaThread "Notification Thread" daemon [_thread_blocked, id=10156, stack(0x000000ca84e00000,0x000000ca84f00000)]
  0x00000280d981f8f0 JavaThread "C2 CompilerThread1" daemon [_thread_blocked, id=17016, stack(0x000000ca85000000,0x000000ca85100000)]

Other Threads:
  0x00000280b218e4a0 VMThread "VM Thread" [stack: 0x000000ca84300000,0x000000ca84400000] [id=30732]
  0x00000280d9535120 WatcherThread "VM Periodic Task Thread" [stack: 0x000000ca84f00000,0x000000ca85000000] [id=31884]
  0x00000280b216c8c0 WorkerThread "GC Thread#0" [stack: 0x000000ca83e00000,0x000000ca83f00000] [id=35112]
  0x00000280b217e550 ConcurrentGCThread "G1 Main Marker" [stack: 0x000000ca83f00000,0x000000ca84000000] [id=28016]
  0x00000280b217ef40 WorkerThread "G1 Conc#0" [stack: 0x000000ca84000000,0x000000ca84100000] [id=30908]
  0x00000280b21bea10 ConcurrentGCThread "G1 Refine#0" [stack: 0x000000ca84100000,0x000000ca84200000] [id=24972]
  0x00000280d50ce550 ConcurrentGCThread "G1 Service" [stack: 0x000000ca84200000,0x000000ca84300000] [id=13520]

Threads with active compile tasks:
C1 CompilerThread0       83  195       3       java.util.zip.ZipUtils::CENEXT (9 bytes)

VM state: not at safepoint (normal execution)

VM Mutex/Monitor currently owned by a thread:  ([mutex/lock_event])
[0x00000280b20f61f0] Metaspace_lock - owner thread: 0x00000280b20fb440
[0x00000280b20f87f0] MethodData_lock - owner thread: 0x00000280d5234a30

Heap address: 0x0000000702a00000, size: 4054 MB, Compressed Oops mode: Zero based, Oop shift amount: 3

CDS archive(s) mapped at: [0x0000000800000000-0x0000000800ba0000-0x0000000800ba0000), size 12189696, SharedBaseAddress: 0x0000000800000000, ArchiveRelocationMode: 0.
Compressed class space mapped at: 0x0000000800c00000-0x0000000840c00000, reserved size: 1073741824
Narrow klass base: 0x0000000800000000, Narrow klass shift: 0, Narrow klass range: 0x100000000

GC Precious Log:
 CardTable entry size: 512
 Card Set container configuration: InlinePtr #cards 4 size 8 Array Of Cards #cards 16 size 48 Howl #buckets 8 coarsen threshold 3686 Howl Bitmap #cards 512 size 80 coarsen threshold 460 Card regions per heap region 1 cards per card region 4096
 CPUs: 12 total, 12 available
 Memory: 16215M
 Large Page Support: Disabled
 NUMA Support: Disabled
 Compressed Oops: Enabled (Zero based)
 Heap Region Size: 2M
 Heap Min Capacity: 8M
 Heap Initial Capacity: 254M
 Heap Max Capacity: 4054M
 Pre-touch: Disabled
 Parallel Workers: 10
 Concurrent Workers: 3
 Concurrent Refinement Workers: 10
 Periodic GC: Disabled

Heap:
 garbage-first heap   total 260096K, used 2048K [0x0000000702a00000, 0x0000000800000000)
  region size 2048K, 2 young (4096K), 0 survivors (0K)
 Metaspace       used 411K, committed 576K, reserved 1114112K
  class space    used 25K, committed 128K, reserved 1048576K

Heap Regions: E=young(eden), S=young(survivor), O=old, HS=humongous(starts), HC=humongous(continues), CS=collection set, F=free, OA=open archive, CA=closed archive, TAMS=top-at-mark-start (previous, next)
|   0|0x0000000702a00000, 0x0000000702a00000, 0x0000000702c00000|  0%| F|  |TAMS 0x0000000702a00000, 0x0000000702a00000| Untracked 
|   1|0x0000000702c00000, 0x0000000702c00000, 0x0000000702e00000|  0%| F|  |TAMS 0x0000000702c00000, 0x0000000702c00000| Untracked 
|   2|0x0000000702e00000, 0x0000000702e00000, 0x0000000703000000|  0%| F|  |TAMS 0x0000000702e00000, 0x0000000702e00000| Untracked 
|   3|0x0000000703000000, 0x0000000703000000, 0x0000000703200000|  0%| F|  |TAMS 0x0000000703000000, 0x0000000703000000| Untracked 
|   4|0x0000000703200000, 0x0000000703200000, 0x0000000703400000|  0%| F|  |TAMS 0x0000000703200000, 0x0000000703200000| Untracked 
|   5|0x0000000703400000, 0x0000000703400000, 0x0000000703600000|  0%| F|  |TAMS 0x0000000703400000, 0x0000000703400000| Untracked 
|   6|0x0000000703600000, 0x0000000703600000, 0x0000000703800000|  0%| F|  |TAMS 0x0000000703600000, 0x0000000703600000| Untracked 
|   7|0x0000000703800000, 0x0000000703800000, 0x0000000703a00000|  0%| F|  |TAMS 0x0000000703800000, 0x0000000703800000| Untracked 
|   8|0x0000000703a00000, 0x0000000703a00000, 0x0000000703c00000|  0%| F|  |TAMS 0x0000000703a00000, 0x0000000703a00000| Untracked 
|   9|0x0000000703c00000, 0x0000000703c00000, 0x0000000703e00000|  0%| F|  |TAMS 0x0000000703c00000, 0x0000000703c00000| Untracked 
|  10|0x0000000703e00000, 0x0000000703e00000, 0x0000000704000000|  0%| F|  |TAMS 0x0000000703e00000, 0x0000000703e00000| Untracked 
|  11|0x0000000704000000, 0x0000000704000000, 0x0000000704200000|  0%| F|  |TAMS 0x0000000704000000, 0x0000000704000000| Untracked 
|  12|0x0000000704200000, 0x0000000704200000, 0x0000000704400000|  0%| F|  |TAMS 0x0000000704200000, 0x0000000704200000| Untracked 
|  13|0x0000000704400000, 0x0000000704400000, 0x0000000704600000|  0%| F|  |TAMS 0x0000000704400000, 0x0000000704400000| Untracked 
|  14|0x0000000704600000, 0x0000000704600000, 0x0000000704800000|  0%| F|  |TAMS 0x0000000704600000, 0x0000000704600000| Untracked 
|  15|0x0000000704800000, 0x0000000704800000, 0x0000000704a00000|  0%| F|  |TAMS 0x0000000704800000, 0x0000000704800000| Untracked 
|  16|0x0000000704a00000, 0x0000000704a00000, 0x0000000704c00000|  0%| F|  |TAMS 0x0000000704a00000, 0x0000000704a00000| Untracked 
|  17|0x0000000704c00000, 0x0000000704c00000, 0x0000000704e00000|  0%| F|  |TAMS 0x0000000704c00000, 0x0000000704c00000| Untracked 
|  18|0x0000000704e00000, 0x0000000704e00000, 0x0000000705000000|  0%| F|  |TAMS 0x0000000704e00000, 0x0000000704e00000| Untracked 
|  19|0x0000000705000000, 0x0000000705000000, 0x0000000705200000|  0%| F|  |TAMS 0x0000000705000000, 0x0000000705000000| Untracked 
|  20|0x0000000705200000, 0x0000000705200000, 0x0000000705400000|  0%| F|  |TAMS 0x0000000705200000, 0x0000000705200000| Untracked 
|  21|0x0000000705400000, 0x0000000705400000, 0x0000000705600000|  0%| F|  |TAMS 0x0000000705400000, 0x0000000705400000| Untracked 
|  22|0x0000000705600000, 0x0000000705600000, 0x0000000705800000|  0%| F|  |TAMS 0x0000000705600000, 0x0000000705600000| Untracked 
|  23|0x0000000705800000, 0x0000000705800000, 0x0000000705a00000|  0%| F|  |TAMS 0x0000000705800000, 0x0000000705800000| Untracked 
|  24|0x0000000705a00000, 0x0000000705a00000, 0x0000000705c00000|  0%| F|  |TAMS 0x0000000705a00000, 0x0000000705a00000| Untracked 
|  25|0x0000000705c00000, 0x0000000705c00000, 0x0000000705e00000|  0%| F|  |TAMS 0x0000000705c00000, 0x0000000705c00000| Untracked 
|  26|0x0000000705e00000, 0x0000000705e00000, 0x0000000706000000|  0%| F|  |TAMS 0x0000000705e00000, 0x0000000705e00000| Untracked 
|  27|0x0000000706000000, 0x0000000706000000, 0x0000000706200000|  0%| F|  |TAMS 0x0000000706000000, 0x0000000706000000| Untracked 
|  28|0x0000000706200000, 0x0000000706200000, 0x0000000706400000|  0%| F|  |TAMS 0x0000000706200000, 0x0000000706200000| Untracked 
|  29|0x0000000706400000, 0x0000000706400000, 0x0000000706600000|  0%| F|  |TAMS 0x0000000706400000, 0x0000000706400000| Untracked 
|  30|0x0000000706600000, 0x0000000706600000, 0x0000000706800000|  0%| F|  |TAMS 0x0000000706600000, 0x0000000706600000| Untracked 
|  31|0x0000000706800000, 0x0000000706800000, 0x0000000706a00000|  0%| F|  |TAMS 0x0000000706800000, 0x0000000706800000| Untracked 
|  32|0x0000000706a00000, 0x0000000706a00000, 0x0000000706c00000|  0%| F|  |TAMS 0x0000000706a00000, 0x0000000706a00000| Untracked 
|  33|0x0000000706c00000, 0x0000000706c00000, 0x0000000706e00000|  0%| F|  |TAMS 0x0000000706c00000, 0x0000000706c00000| Untracked 
|  34|0x0000000706e00000, 0x0000000706e00000, 0x0000000707000000|  0%| F|  |TAMS 0x0000000706e00000, 0x0000000706e00000| Untracked 
|  35|0x0000000707000000, 0x0000000707000000, 0x0000000707200000|  0%| F|  |TAMS 0x0000000707000000, 0x0000000707000000| Untracked 
|  36|0x0000000707200000, 0x0000000707200000, 0x0000000707400000|  0%| F|  |TAMS 0x0000000707200000, 0x0000000707200000| Untracked 
|  37|0x0000000707400000, 0x0000000707400000, 0x0000000707600000|  0%| F|  |TAMS 0x0000000707400000, 0x0000000707400000| Untracked 
|  38|0x0000000707600000, 0x0000000707600000, 0x0000000707800000|  0%| F|  |TAMS 0x0000000707600000, 0x0000000707600000| Untracked 
|  39|0x0000000707800000, 0x0000000707800000, 0x0000000707a00000|  0%| F|  |TAMS 0x0000000707800000, 0x0000000707800000| Untracked 
|  40|0x0000000707a00000, 0x0000000707a00000, 0x0000000707c00000|  0%| F|  |TAMS 0x0000000707a00000, 0x0000000707a00000| Untracked 
|  41|0x0000000707c00000, 0x0000000707c00000, 0x0000000707e00000|  0%| F|  |TAMS 0x0000000707c00000, 0x0000000707c00000| Untracked 
|  42|0x0000000707e00000, 0x0000000707e00000, 0x0000000708000000|  0%| F|  |TAMS 0x0000000707e00000, 0x0000000707e00000| Untracked 
|  43|0x0000000708000000, 0x0000000708000000, 0x0000000708200000|  0%| F|  |TAMS 0x0000000708000000, 0x0000000708000000| Untracked 
|  44|0x0000000708200000, 0x0000000708200000, 0x0000000708400000|  0%| F|  |TAMS 0x0000000708200000, 0x0000000708200000| Untracked 
|  45|0x0000000708400000, 0x0000000708400000, 0x0000000708600000|  0%| F|  |TAMS 0x0000000708400000, 0x0000000708400000| Untracked 
|  46|0x0000000708600000, 0x0000000708600000, 0x0000000708800000|  0%| F|  |TAMS 0x0000000708600000, 0x0000000708600000| Untracked 
|  47|0x0000000708800000, 0x0000000708800000, 0x0000000708a00000|  0%| F|  |TAMS 0x0000000708800000, 0x0000000708800000| Untracked 
|  48|0x0000000708a00000, 0x0000000708a00000, 0x0000000708c00000|  0%| F|  |TAMS 0x0000000708a00000, 0x0000000708a00000| Untracked 
|  49|0x0000000708c00000, 0x0000000708c00000, 0x0000000708e00000|  0%| F|  |TAMS 0x0000000708c00000, 0x0000000708c00000| Untracked 
|  50|0x0000000708e00000, 0x0000000708e00000, 0x0000000709000000|  0%| F|  |TAMS 0x0000000708e00000, 0x0000000708e00000| Untracked 
|  51|0x0000000709000000, 0x0000000709000000, 0x0000000709200000|  0%| F|  |TAMS 0x0000000709000000, 0x0000000709000000| Untracked 
|  52|0x0000000709200000, 0x0000000709200000, 0x0000000709400000|  0%| F|  |TAMS 0x0000000709200000, 0x0000000709200000| Untracked 
|  53|0x0000000709400000, 0x0000000709400000, 0x0000000709600000|  0%| F|  |TAMS 0x0000000709400000, 0x0000000709400000| Untracked 
|  54|0x0000000709600000, 0x0000000709600000, 0x0000000709800000|  0%| F|  |TAMS 0x0000000709600000, 0x0000000709600000| Untracked 
|  55|0x0000000709800000, 0x0000000709800000, 0x0000000709a00000|  0%| F|  |TAMS 0x0000000709800000, 0x0000000709800000| Untracked 
|  56|0x0000000709a00000, 0x0000000709a00000, 0x0000000709c00000|  0%| F|  |TAMS 0x0000000709a00000, 0x0000000709a00000| Untracked 
|  57|0x0000000709c00000, 0x0000000709c00000, 0x0000000709e00000|  0%| F|  |TAMS 0x0000000709c00000, 0x0000000709c00000| Untracked 
|  58|0x0000000709e00000, 0x0000000709e00000, 0x000000070a000000|  0%| F|  |TAMS 0x0000000709e00000, 0x0000000709e00000| Untracked 
|  59|0x000000070a000000, 0x000000070a000000, 0x000000070a200000|  0%| F|  |TAMS 0x000000070a000000, 0x000000070a000000| Untracked 
|  60|0x000000070a200000, 0x000000070a200000, 0x000000070a400000|  0%| F|  |TAMS 0x000000070a200000, 0x000000070a200000| Untracked 
|  61|0x000000070a400000, 0x000000070a400000, 0x000000070a600000|  0%| F|  |TAMS 0x000000070a400000, 0x000000070a400000| Untracked 
|  62|0x000000070a600000, 0x000000070a600000, 0x000000070a800000|  0%| F|  |TAMS 0x000000070a600000, 0x000000070a600000| Untracked 
|  63|0x000000070a800000, 0x000000070a800000, 0x000000070aa00000|  0%| F|  |TAMS 0x000000070a800000, 0x000000070a800000| Untracked 
|  64|0x000000070aa00000, 0x000000070aa00000, 0x000000070ac00000|  0%| F|  |TAMS 0x000000070aa00000, 0x000000070aa00000| Untracked 
|  65|0x000000070ac00000, 0x000000070ac00000, 0x000000070ae00000|  0%| F|  |TAMS 0x000000070ac00000, 0x000000070ac00000| Untracked 
|  66|0x000000070ae00000, 0x000000070ae00000, 0x000000070b000000|  0%| F|  |TAMS 0x000000070ae00000, 0x000000070ae00000| Untracked 
|  67|0x000000070b000000, 0x000000070b000000, 0x000000070b200000|  0%| F|  |TAMS 0x000000070b000000, 0x000000070b000000| Untracked 
|  68|0x000000070b200000, 0x000000070b200000, 0x000000070b400000|  0%| F|  |TAMS 0x000000070b200000, 0x000000070b200000| Untracked 
|  69|0x000000070b400000, 0x000000070b400000, 0x000000070b600000|  0%| F|  |TAMS 0x000000070b400000, 0x000000070b400000| Untracked 
|  70|0x000000070b600000, 0x000000070b600000, 0x000000070b800000|  0%| F|  |TAMS 0x000000070b600000, 0x000000070b600000| Untracked 
|  71|0x000000070b800000, 0x000000070b800000, 0x000000070ba00000|  0%| F|  |TAMS 0x000000070b800000, 0x000000070b800000| Untracked 
|  72|0x000000070ba00000, 0x000000070ba00000, 0x000000070bc00000|  0%| F|  |TAMS 0x000000070ba00000, 0x000000070ba00000| Untracked 
|  73|0x000000070bc00000, 0x000000070bc00000, 0x000000070be00000|  0%| F|  |TAMS 0x000000070bc00000, 0x000000070bc00000| Untracked 
|  74|0x000000070be00000, 0x000000070be00000, 0x000000070c000000|  0%| F|  |TAMS 0x000000070be00000, 0x000000070be00000| Untracked 
|  75|0x000000070c000000, 0x000000070c000000, 0x000000070c200000|  0%| F|  |TAMS 0x000000070c000000, 0x000000070c000000| Untracked 
|  76|0x000000070c200000, 0x000000070c200000, 0x000000070c400000|  0%| F|  |TAMS 0x000000070c200000, 0x000000070c200000| Untracked 
|  77|0x000000070c400000, 0x000000070c400000, 0x000000070c600000|  0%| F|  |TAMS 0x000000070c400000, 0x000000070c400000| Untracked 
|  78|0x000000070c600000, 0x000000070c600000, 0x000000070c800000|  0%| F|  |TAMS 0x000000070c600000, 0x000000070c600000| Untracked 
|  79|0x000000070c800000, 0x000000070c800000, 0x000000070ca00000|  0%| F|  |TAMS 0x000000070c800000, 0x000000070c800000| Untracked 
|  80|0x000000070ca00000, 0x000000070ca00000, 0x000000070cc00000|  0%| F|  |TAMS 0x000000070ca00000, 0x000000070ca00000| Untracked 
|  81|0x000000070cc00000, 0x000000070cc00000, 0x000000070ce00000|  0%| F|  |TAMS 0x000000070cc00000, 0x000000070cc00000| Untracked 
|  82|0x000000070ce00000, 0x000000070ce00000, 0x000000070d000000|  0%| F|  |TAMS 0x000000070ce00000, 0x000000070ce00000| Untracked 
|  83|0x000000070d000000, 0x000000070d000000, 0x000000070d200000|  0%| F|  |TAMS 0x000000070d000000, 0x000000070d000000| Untracked 
|  84|0x000000070d200000, 0x000000070d200000, 0x000000070d400000|  0%| F|  |TAMS 0x000000070d200000, 0x000000070d200000| Untracked 
|  85|0x000000070d400000, 0x000000070d400000, 0x000000070d600000|  0%| F|  |TAMS 0x000000070d400000, 0x000000070d400000| Untracked 
|  86|0x000000070d600000, 0x000000070d600000, 0x000000070d800000|  0%| F|  |TAMS 0x000000070d600000, 0x000000070d600000| Untracked 
|  87|0x000000070d800000, 0x000000070d800000, 0x000000070da00000|  0%| F|  |TAMS 0x000000070d800000, 0x000000070d800000| Untracked 
|  88|0x000000070da00000, 0x000000070da00000, 0x000000070dc00000|  0%| F|  |TAMS 0x000000070da00000, 0x000000070da00000| Untracked 
|  89|0x000000070dc00000, 0x000000070dc00000, 0x000000070de00000|  0%| F|  |TAMS 0x000000070dc00000, 0x000000070dc00000| Untracked 
|  90|0x000000070de00000, 0x000000070de00000, 0x000000070e000000|  0%| F|  |TAMS 0x000000070de00000, 0x000000070de00000| Untracked 
|  91|0x000000070e000000, 0x000000070e000000, 0x000000070e200000|  0%| F|  |TAMS 0x000000070e000000, 0x000000070e000000| Untracked 
|  92|0x000000070e200000, 0x000000070e200000, 0x000000070e400000|  0%| F|  |TAMS 0x000000070e200000, 0x000000070e200000| Untracked 
|  93|0x000000070e400000, 0x000000070e400000, 0x000000070e600000|  0%| F|  |TAMS 0x000000070e400000, 0x000000070e400000| Untracked 
|  94|0x000000070e600000, 0x000000070e600000, 0x000000070e800000|  0%| F|  |TAMS 0x000000070e600000, 0x000000070e600000| Untracked 
|  95|0x000000070e800000, 0x000000070e800000, 0x000000070ea00000|  0%| F|  |TAMS 0x000000070e800000, 0x000000070e800000| Untracked 
|  96|0x000000070ea00000, 0x000000070ea00000, 0x000000070ec00000|  0%| F|  |TAMS 0x000000070ea00000, 0x000000070ea00000| Untracked 
|  97|0x000000070ec00000, 0x000000070ec00000, 0x000000070ee00000|  0%| F|  |TAMS 0x000000070ec00000, 0x000000070ec00000| Untracked 
|  98|0x000000070ee00000, 0x000000070ee00000, 0x000000070f000000|  0%| F|  |TAMS 0x000000070ee00000, 0x000000070ee00000| Untracked 
|  99|0x000000070f000000, 0x000000070f000000, 0x000000070f200000|  0%| F|  |TAMS 0x000000070f000000, 0x000000070f000000| Untracked 
| 100|0x000000070f200000, 0x000000070f200000, 0x000000070f400000|  0%| F|  |TAMS 0x000000070f200000, 0x000000070f200000| Untracked 
| 101|0x000000070f400000, 0x000000070f400000, 0x000000070f600000|  0%| F|  |TAMS 0x000000070f400000, 0x000000070f400000| Untracked 
| 102|0x000000070f600000, 0x000000070f600000, 0x000000070f800000|  0%| F|  |TAMS 0x000000070f600000, 0x000000070f600000| Untracked 
| 103|0x000000070f800000, 0x000000070f800000, 0x000000070fa00000|  0%| F|  |TAMS 0x000000070f800000, 0x000000070f800000| Untracked 
| 104|0x000000070fa00000, 0x000000070fa00000, 0x000000070fc00000|  0%| F|  |TAMS 0x000000070fa00000, 0x000000070fa00000| Untracked 
| 105|0x000000070fc00000, 0x000000070fc00000, 0x000000070fe00000|  0%| F|  |TAMS 0x000000070fc00000, 0x000000070fc00000| Untracked 
| 106|0x000000070fe00000, 0x000000070fe00000, 0x0000000710000000|  0%| F|  |TAMS 0x000000070fe00000, 0x000000070fe00000| Untracked 
| 107|0x0000000710000000, 0x0000000710000000, 0x0000000710200000|  0%| F|  |TAMS 0x0000000710000000, 0x0000000710000000| Untracked 
| 108|0x0000000710200000, 0x0000000710200000, 0x0000000710400000|  0%| F|  |TAMS 0x0000000710200000, 0x0000000710200000| Untracked 
| 109|0x0000000710400000, 0x0000000710400000, 0x0000000710600000|  0%| F|  |TAMS 0x0000000710400000, 0x0000000710400000| Untracked 
| 110|0x0000000710600000, 0x0000000710600000, 0x0000000710800000|  0%| F|  |TAMS 0x0000000710600000, 0x0000000710600000| Untracked 
| 111|0x0000000710800000, 0x0000000710800000, 0x0000000710a00000|  0%| F|  |TAMS 0x0000000710800000, 0x0000000710800000| Untracked 
| 112|0x0000000710a00000, 0x0000000710a00000, 0x0000000710c00000|  0%| F|  |TAMS 0x0000000710a00000, 0x0000000710a00000| Untracked 
| 113|0x0000000710c00000, 0x0000000710c00000, 0x0000000710e00000|  0%| F|  |TAMS 0x0000000710c00000, 0x0000000710c00000| Untracked 
| 114|0x0000000710e00000, 0x0000000710e00000, 0x0000000711000000|  0%| F|  |TAMS 0x0000000710e00000, 0x0000000710e00000| Untracked 
| 115|0x0000000711000000, 0x0000000711000000, 0x0000000711200000|  0%| F|  |TAMS 0x0000000711000000, 0x0000000711000000| Untracked 
| 116|0x0000000711200000, 0x0000000711200000, 0x0000000711400000|  0%| F|  |TAMS 0x0000000711200000, 0x0000000711200000| Untracked 
| 117|0x0000000711400000, 0x0000000711400000, 0x0000000711600000|  0%| F|  |TAMS 0x0000000711400000, 0x0000000711400000| Untracked 
| 118|0x0000000711600000, 0x0000000711600000, 0x0000000711800000|  0%| F|  |TAMS 0x0000000711600000, 0x0000000711600000| Untracked 
| 119|0x0000000711800000, 0x0000000711800000, 0x0000000711a00000|  0%| F|  |TAMS 0x0000000711800000, 0x0000000711800000| Untracked 
| 120|0x0000000711a00000, 0x0000000711a00000, 0x0000000711c00000|  0%| F|  |TAMS 0x0000000711a00000, 0x0000000711a00000| Untracked 
| 121|0x0000000711c00000, 0x0000000711c00000, 0x0000000711e00000|  0%| F|  |TAMS 0x0000000711c00000, 0x0000000711c00000| Untracked 
| 122|0x0000000711e00000, 0x0000000711e00000, 0x0000000712000000|  0%| F|  |TAMS 0x0000000711e00000, 0x0000000711e00000| Untracked 
| 123|0x0000000712000000, 0x0000000712000000, 0x0000000712200000|  0%| F|  |TAMS 0x0000000712000000, 0x0000000712000000| Untracked 
| 124|0x0000000712200000, 0x0000000712200000, 0x0000000712400000|  0%| F|  |TAMS 0x0000000712200000, 0x0000000712200000| Untracked 
| 125|0x0000000712400000, 0x0000000712471258, 0x0000000712600000| 22%| E|  |TAMS 0x0000000712400000, 0x0000000712400000| Complete 
| 126|0x0000000712600000, 0x0000000712800000, 0x0000000712800000|100%| E|CS|TAMS 0x0000000712600000, 0x0000000712600000| Complete 

Card table byte_map: [0x00000280c9770000,0x00000280c9f60000] _byte_map_base: 0x00000280c5f5b000

Marking Bits (Prev, Next): (CMBitMap*) 0x00000280b216cec0, (CMBitMap*) 0x00000280b216cf00
 Prev Bits: [0x00000280ca750000, 0x00000280ce6a8000)
 Next Bits: [0x00000280ce6b0000, 0x00000280d2608000)

Polling page: 0x00000280b18c0000

Metaspace:

Usage:
  Non-class:    385.91 KB used.
      Class:     25.24 KB used.
       Both:    411.16 KB used.

Virtual space:
  Non-class space:       64.00 MB reserved,     448.00 KB ( <1%) committed,  1 nodes.
      Class space:        1.00 GB reserved,     128.00 KB ( <1%) committed,  1 nodes.
             Both:        1.06 GB reserved,     576.00 KB ( <1%) committed. 

Chunk freelists:
   Non-Class:  3.99 MB
       Class:  3.75 MB
        Both:  7.74 MB

MaxMetaspaceSize: unlimited
CompressedClassSpaceSize: 1.00 GB
Initial GC threshold: 21.00 MB
Current GC threshold: 21.00 MB
CDS: on
MetaspaceReclaimPolicy: balanced
 - commit_granule_bytes: 65536.
 - commit_granule_words: 8192.
 - virtual_space_node_default_size: 8388608.
 - enlarge_chunks_in_place: 1.
 - new_chunks_are_fully_committed: 0.
 - uncommit_free_chunks: 1.
 - use_allocation_guard: 0.


Internal statistics:

num_allocs_failed_limit: 0.
num_arena_births: 8.
num_arena_deaths: 0.
num_vsnodes_births: 2.
num_vsnodes_deaths: 0.
num_space_committed: 9.
num_space_uncommitted: 0.
num_chunks_returned_to_freelist: 0.
num_chunks_taken_from_freelist: 8.
num_chunk_merges: 0.
num_chunk_splits: 4.
num_chunks_enlarged: 2.
num_inconsistent_stats: 0.

CodeHeap 'non-profiled nmethods': size=120000Kb used=66Kb max_used=66Kb free=119933Kb
 bounds [0x00000280c1500000, 0x00000280c1770000, 0x00000280c8a30000]
CodeHeap 'profiled nmethods': size=120000Kb used=207Kb max_used=207Kb free=119792Kb
 bounds [0x00000280b9fd0000, 0x00000280ba240000, 0x00000280c1500000]
CodeHeap 'non-nmethods': size=5760Kb used=1104Kb max_used=1122Kb free=4655Kb
 bounds [0x00000280b9a30000, 0x00000280b9ca0000, 0x00000280b9fd0000]
 total_blobs=565 nmethods=197 adapters=281
 compilation: enabled
              stopped_count=0, restarted_count=0
 full_count=0

Compilation events (20 events):
Event: 0.064 Thread 0x00000280d5234a30 nmethod 193 0x00000280ba001610 code [0x00000280ba0017a0, 0x00000280ba001958]
Event: 0.064 Thread 0x00000280d5234a30  197       3       java.util.zip.ZipUtils::CENSIG (8 bytes)
Event: 0.064 Thread 0x00000280d981f8f0  188       4       java.util.zip.ZipUtils::SH (21 bytes)
Event: 0.064 Thread 0x00000280d5234a30 nmethod 197 0x00000280ba001a90 code [0x00000280ba001c40, 0x00000280ba001f18]
Event: 0.064 Thread 0x00000280d5234a30  198       3       java.util.zip.ZipFile$Source::isMetaName (141 bytes)
Event: 0.065 Thread 0x00000280d5234a30 nmethod 198 0x00000280ba002090 code [0x00000280ba002240, 0x00000280ba002758]
Event: 0.065 Thread 0x00000280d5234a30  186       1       java.util.zip.ZipCoder$UTF8ZipCoder::isUTF8 (2 bytes)
Event: 0.065 Thread 0x00000280d5234a30 nmethod 186 0x00000280c150df90 code [0x00000280c150e120, 0x00000280c150e1f8]
Event: 0.065 Thread 0x00000280d5234a30  189       3       java.util.zip.ZipUtils::LG (22 bytes)
Event: 0.065 Thread 0x00000280d5234a30 nmethod 189 0x00000280ba002910 code [0x00000280ba002ac0, 0x00000280ba002d38]
Event: 0.065 Thread 0x00000280d5234a30  191       3       java.util.zip.ZipFile$Source::zipCoderForPos (39 bytes)
Event: 0.066 Thread 0x00000280d5234a30 nmethod 191 0x00000280ba002e90 code [0x00000280ba003060, 0x00000280ba003468]
Event: 0.066 Thread 0x00000280d5234a30  192       3       java.util.zip.ZipUtils::CENHOW (9 bytes)
Event: 0.067 Thread 0x00000280d5234a30 nmethod 192 0x00000280ba003610 code [0x00000280ba0037a0, 0x00000280ba003958]
Event: 0.067 Thread 0x00000280d5234a30  194       3       java.util.zip.ZipUtils::CENCOM (9 bytes)
Event: 0.067 Thread 0x00000280d5232040 nmethod 145 0x00000280c150e290 code [0x00000280c150e4a0, 0x00000280c150efd0]
Event: 0.067 Thread 0x00000280d981f8f0 nmethod 188 0x00000280c150f710 code [0x00000280c150f880, 0x00000280c150f938]
Event: 0.068 Thread 0x00000280d981f8f0  200       4       java.util.zip.ZipCoder$UTF8ZipCoder::checkedHash (91 bytes)
Event: 0.068 Thread 0x00000280d5234a30 nmethod 194 0x00000280ba003a90 code [0x00000280ba003c20, 0x00000280ba003dd8]
Event: 0.068 Thread 0x00000280d5234a30  195       3       java.util.zip.ZipUtils::CENEXT (9 bytes)

GC Heap History (0 events):
No events

Deoptimization events (0 events):
No events

Classes loaded (20 events):
Event: 0.050 Loading class sun/nio/fs/WindowsSecurityDescriptor done
Event: 0.060 Loading class sun/nio/cs/UTF_8$Decoder
Event: 0.060 Loading class sun/nio/cs/UTF_8$Decoder done
Event: 0.064 Loading class jdk/internal/loader/URLClassPath$FileLoader
Event: 0.064 Loading class jdk/internal/loader/URLClassPath$FileLoader done
Event: 0.065 Loading class jdk/internal/loader/URLClassPath$FileLoader$1
Event: 0.066 Loading class jdk/internal/loader/URLClassPath$FileLoader$1 done
Event: 0.067 Loading class javax/swing/JFrame
Event: 0.067 Loading class javax/swing/WindowConstants
Event: 0.067 Loading class javax/swing/WindowConstants done
Event: 0.067 Loading class javax/accessibility/Accessible
Event: 0.067 Loading class javax/accessibility/Accessible done
Event: 0.067 Loading class javax/swing/RootPaneContainer
Event: 0.067 Loading class javax/swing/RootPaneContainer done
Event: 0.067 Loading class javax/swing/TransferHandler$HasGetTransferHandler
Event: 0.068 Loading class javax/swing/TransferHandler$HasGetTransferHandler done
Event: 0.068 Loading class java/awt/Frame
Event: 0.068 Loading class java/awt/MenuContainer
Event: 0.068 Loading class java/awt/MenuContainer done
Event: 0.068 Loading class java/awt/Window

Classes unloaded (0 events):
No events

Classes redefined (0 events):
No events

Internal exceptions (4 events):
Event: 0.049 Thread 0x00000280b20fb440 Exception <a 'sun/nio/fs/WindowsException'{0x00000007127307c0}> (0x00000007127307c0) 
thrown [s\open\src\hotspot\share\prims\jni.cpp, line 516]
Event: 0.049 Thread 0x00000280b20fb440 Exception <a 'sun/nio/fs/WindowsException'{0x0000000712730d40}> (0x0000000712730d40) 
thrown [s\open\src\hotspot\share\prims\jni.cpp, line 516]
Event: 0.050 Thread 0x00000280b20fb440 Exception <a 'sun/nio/fs/WindowsException'{0x0000000712733190}> (0x0000000712733190) 
thrown [s\open\src\hotspot\share\prims\jni.cpp, line 516]
Event: 0.050 Thread 0x00000280b20fb440 Exception <a 'sun/nio/fs/WindowsException'{0x0000000712733ca0}> (0x0000000712733ca0) 
thrown [s\open\src\hotspot\share\prims\jni.cpp, line 516]

VM Operations (2 events):
Event: 0.051 Executing VM operation: HandshakeAllThreads
Event: 0.051 Executing VM operation: HandshakeAllThreads done

Events (18 events):
Event: 0.007 Loaded shared library C:\Program Files\Java\jdk-18.0.2.1\bin\java.dll
Event: 0.013 Loaded shared library C:\Program Files\Java\jdk-18.0.2.1\bin\jsvml.dll
Event: 0.014 Thread 0x00000280b20fb440 Thread added: 0x00000280b20fb440
Event: 0.015 Thread 0x00000280d5213ae0 Thread added: 0x00000280d5213ae0
Event: 0.015 Thread 0x00000280d5214740 Thread added: 0x00000280d5214740
Event: 0.022 Thread 0x00000280d522d680 Thread added: 0x00000280d522d680
Event: 0.022 Thread 0x00000280d522e020 Thread added: 0x00000280d522e020
Event: 0.022 Thread 0x00000280d52309d0 Thread added: 0x00000280d52309d0
Event: 0.022 Thread 0x00000280d5231370 Thread added: 0x00000280d5231370
Event: 0.022 Thread 0x00000280d5232040 Thread added: 0x00000280d5232040
Event: 0.023 Thread 0x00000280d5234a30 Thread added: 0x00000280d5234a30
Event: 0.023 Thread 0x00000280d523b840 Thread added: 0x00000280d523b840
Event: 0.039 Thread 0x00000280d51fefc0 Thread added: 0x00000280d51fefc0
Event: 0.047 Loaded shared library C:\Program Files\Java\jdk-18.0.2.1\bin\net.dll
Event: 0.048 Loaded shared library C:\Program Files\Java\jdk-18.0.2.1\bin\nio.dll
Event: 0.058 Thread 0x00000280d9534c60 Thread added: 0x00000280d9534c60
Event: 0.062 Loaded shared library C:\Program Files\Java\jdk-18.0.2.1\bin\zip.dll
Event: 0.064 Thread 0x00000280d981f8f0 Thread added: 0x00000280d981f8f0


Dynamic libraries:
0x00007ff6dac00000 - 0x00007ff6dac10000 	C:\Program Files\Java\jdk-18.0.2.1\bin\java.exe
0x00007ff8adf50000 - 0x00007ff8ae164000 	C:\WINDOWS\SYSTEM32\ntdll.dll
0x00007ff8ac530000 - 0x00007ff8ac5f4000 	C:\WINDOWS\System32\KERNEL32.DLL
0x00007ff8ab560000 - 0x00007ff8ab904000 	C:\WINDOWS\System32\KERNELBASE.dll
0x00007ff8aba50000 - 0x00007ff8abb61000 	C:\WINDOWS\System32\ucrtbase.dll
0x00007ff8a8f60000 - 0x00007ff8a8f7a000 	C:\Program Files\Java\jdk-18.0.2.1\bin\VCRUNTIME140.dll
0x00007ff8a8ef0000 - 0x00007ff8a8f08000 	C:\Program Files\Java\jdk-18.0.2.1\bin\jli.dll
0x00007ff8ac850000 - 0x00007ff8ac900000 	C:\WINDOWS\System32\ADVAPI32.dll
0x00007ff8abfc0000 - 0x00007ff8ac067000 	C:\WINDOWS\System32\msvcrt.dll
0x00007ff8abce0000 - 0x00007ff8abd86000 	C:\WINDOWS\System32\sechost.dll
0x00007ff8abea0000 - 0x00007ff8abfb7000 	C:\WINDOWS\System32\RPCRT4.dll
0x00007ff8ad520000 - 0x00007ff8ad6ce000 	C:\WINDOWS\System32\USER32.dll
0x00007ff8ab300000 - 0x00007ff8ab326000 	C:\WINDOWS\System32\win32u.dll
0x00007ff894d40000 - 0x00007ff894fd3000 	C:\WINDOWS\WinSxS\amd64_microsoft.windows.common-controls_6595b64144ccf1df_6.0.22621.2215_none_270d72677387dfc3\COMCTL32.dll
0x00007ff8ac920000 - 0x00007ff8ac949000 	C:\WINDOWS\System32\GDI32.dll
0x00007ff8ab3d0000 - 0x00007ff8ab4e8000 	C:\WINDOWS\System32\gdi32full.dll
0x00007ff8ab330000 - 0x00007ff8ab3ca000 	C:\WINDOWS\System32\msvcp_win.dll
0x00007ff8a4e90000 - 0x00007ff8a4e9a000 	C:\WINDOWS\SYSTEM32\VERSION.dll
0x00007ff8ac4f0000 - 0x00007ff8ac521000 	C:\WINDOWS\System32\IMM32.DLL
0x00007ff8a8ec0000 - 0x00007ff8a8ecc000 	C:\Program Files\Java\jdk-18.0.2.1\bin\vcruntime140_1.dll
0x00007ff8a0440000 - 0x00007ff8a04cd000 	C:\Program Files\Java\jdk-18.0.2.1\bin\msvcp140.dll
0x00007ff8422e0000 - 0x00007ff842ef1000 	C:\Program Files\Java\jdk-18.0.2.1\bin\server\jvm.dll
0x00007ff8ad510000 - 0x00007ff8ad518000 	C:\WINDOWS\System32\PSAPI.DLL
0x00007ff8a8f80000 - 0x00007ff8a8f89000 	C:\WINDOWS\SYSTEM32\WSOCK32.dll
0x00007ff8a56b0000 - 0x00007ff8a56e4000 	C:\WINDOWS\SYSTEM32\WINMM.dll
0x00007ff8adde0000 - 0x00007ff8ade51000 	C:\WINDOWS\System32\WS2_32.dll
0x00007ff8aa3b0000 - 0x00007ff8aa3c8000 	C:\WINDOWS\SYSTEM32\kernel.appcore.dll
0x00007ff8a8eb0000 - 0x00007ff8a8eba000 	C:\Program Files\Java\jdk-18.0.2.1\bin\jimage.dll
0x00007ff8a8c50000 - 0x00007ff8a8e7e000 	C:\WINDOWS\SYSTEM32\DBGHELP.DLL
0x00007ff8ada50000 - 0x00007ff8addda000 	C:\WINDOWS\System32\combase.dll
0x00007ff8ad890000 - 0x00007ff8ad967000 	C:\WINDOWS\System32\OLEAUT32.dll
0x00007ff8a4830000 - 0x00007ff8a4862000 	C:\WINDOWS\SYSTEM32\dbgcore.DLL
0x00007ff8ab910000 - 0x00007ff8ab98a000 	C:\WINDOWS\System32\bcryptPrimitives.dll
0x00007ff8a0910000 - 0x00007ff8a0935000 	C:\Program Files\Java\jdk-18.0.2.1\bin\java.dll
0x00007ff8883a0000 - 0x00007ff888476000 	C:\Program Files\Java\jdk-18.0.2.1\bin\jsvml.dll
0x00007ff8ac9d0000 - 0x00007ff8ad1f3000 	C:\WINDOWS\System32\SHELL32.dll
0x00007ff8a9240000 - 0x00007ff8a9b2a000 	C:\WINDOWS\SYSTEM32\windows.storage.dll
0x00007ff8a9100000 - 0x00007ff8a923e000 	C:\WINDOWS\SYSTEM32\wintypes.dll
0x00007ff8ac750000 - 0x00007ff8ac843000 	C:\WINDOWS\System32\SHCORE.dll
0x00007ff8ad970000 - 0x00007ff8ad9ce000 	C:\WINDOWS\System32\shlwapi.dll
0x00007ff8ab230000 - 0x00007ff8ab256000 	C:\WINDOWS\SYSTEM32\profapi.dll
0x00007ff8a4b90000 - 0x00007ff8a4ba3000 	C:\Program Files\Java\jdk-18.0.2.1\bin\net.dll
0x00007ff8a5570000 - 0x00007ff8a56a7000 	C:\WINDOWS\SYSTEM32\WINHTTP.dll
0x00007ff8aa880000 - 0x00007ff8aa8e9000 	C:\WINDOWS\system32\mswsock.dll
0x00007ff8a40c0000 - 0x00007ff8a40d6000 	C:\Program Files\Java\jdk-18.0.2.1\bin\nio.dll
0x00007ff8a08f0000 - 0x00007ff8a0908000 	C:\Program Files\Java\jdk-18.0.2.1\bin\zip.dll

dbghelp: loaded successfully - version: 4.0.5 - missing functions: none
symbol engine: initialized successfully - sym options: 0x614 - pdb path: .;C:\Program Files\Java\jdk-18.0.2.1\bin;C:\WINDOWS\SYSTEM32;C:\WINDOWS\WinSxS\amd64_microsoft.windows.common-controls_6595b64144ccf1df_6.0.22621.2215_none_270d72677387dfc3;C:\Program Files\Java\jdk-18.0.2.1\bin\server

VM Arguments:
jvm_args: -Dfile.encoding=UTF-8 --module-path=C:\Users\pranav\Documents\NetBeansProjects\Bank management system\build\classes 
java_command: bank.management.system.pinchange
java_class_path (initial): C:\Users\pranav\Documents\NetBeansProjects\Bank management system\jar file\jcalendar-tz-1.3.3-4.jar;C:\Users\pranav\Documents\NetBeansProjects\Bank management system\jar file\mysql-connector-java-8.0.28.jar;C:\Users\pranav\Documents\NetBeansProjects\Bank management system\build\classes
Launcher Type: SUN_STANDARD

[Global flags]
     intx CICompilerCount                          = 4                                         {product} {ergonomic}
     uint ConcGCThreads                            = 3                                         {product} {ergonomic}
     uint G1ConcRefinementThreads                  = 10                                        {product} {ergonomic}
   size_t G1HeapRegionSize                         = 2097152                                   {product} {ergonomic}
    uintx GCDrainStackTargetSize                   = 64                                        {product} {ergonomic}
   size_t InitialHeapSize                          = 266338304                                 {product} {ergonomic}
   size_t MarkStackSize                            = 4194304                                   {product} {ergonomic}
   size_t MaxHeapSize                              = 4250927104                                {product} {ergonomic}
   size_t MaxNewSize                               = 2550136832                                {product} {ergonomic}
   size_t MinHeapDeltaBytes                        = 2097152                                   {product} {ergonomic}
   size_t MinHeapSize                              = 8388608                                   {product} {ergonomic}
    uintx NonNMethodCodeHeapSize                   = 5839372                                {pd product} {ergonomic}
    uintx NonProfiledCodeHeapSize                  = 122909434                              {pd product} {ergonomic}
    uintx ProfiledCodeHeapSize                     = 122909434                              {pd product} {ergonomic}
    uintx ReservedCodeCacheSize                    = 251658240                              {pd product} {ergonomic}
     bool SegmentedCodeCache                       = true                                      {product} {ergonomic}
   size_t SoftMaxHeapSize                          = 4250927104                             {manageable} {ergonomic}
     bool UseCompressedClassPointers               = true                           {product lp64_product} {ergonomic}
     bool UseCompressedOops                        = true                           {product lp64_product} {ergonomic}
     bool UseG1GC                                  = true                                      {product} {ergonomic}
     bool UseLargePagesIndividualAllocation        = false                                  {pd product} {ergonomic}

Logging:
Log output configuration:
 #0: stdout all=warning uptime,level,tags foldmultilines=false
 #1: stderr all=off uptime,level,tags foldmultilines=false

Environment Variables:
PATH=C:\Program Files\Common Files\Oracle\Java\javapath;C:\Windows\system32;C:\Windows;C:\Windows\System32\Wbem;C:\Windows\System32\WindowsPowerShell\v1.0\;C:\Windows\System32\OpenSSH\;C:\Program Files (x86)\NVIDIA Corporation\PhysX\Common;C:\Program Files\NVIDIA Corporation\NVIDIA NvDLISR;C:\WINDOWS\system32;C:\WINDOWS;C:\WINDOWS\System32\Wbem;C:\WINDOWS\System32\WindowsPowerShell\v1.0\;C:\WINDOWS\System32\OpenSSH\;C:\Program Files\dotnet\;C:\Program Files\Microsoft SQL Server\120\Tools\Binn\;C:\Program Files\Common Files\Autodesk Shared\;C:\Program Files\Cloudflare\Cloudflare WARP\;C:\Program Files\Git\cmd;C:\Program Files\MySQL\MySQL Shell 8.0\bin\;C:\Users\pranav\AppData\Local\Microsoft\WindowsApps;;C:\Users\pranav\AppData\Local\Programs\Microsoft VS Code\bin;C:\Program Files\JetBrains\IntelliJ IDEA Community Edition 2022.2.2\bin;
USERNAME=pranav
OS=Windows_NT
PROCESSOR_IDENTIFIER=Intel64 Family 6 Model 165 Stepping 2, GenuineIntel



---------------  S Y S T E M  ---------------

OS:
 Windows 11 , 64 bit Build 22621 (10.0.22621.2215)
OS uptime: 1 days 18:55 hours
Hyper-V role detected

CPU: total 12 (initial active 12) (6 cores per cpu, 2 threads per core) family 6 model 165 stepping 2 microcode 0xe2, cx8, cmov, fxsr, ht, mmx, 3dnowpref, sse, sse2, sse3, ssse3, sse4.1, sse4.2, popcnt, lzcnt, tsc, tscinvbit, avx, avx2, aes, erms, clmul, bmi1, bmi2, adx, fma, vzeroupper, clflush, clflushopt, hv

Memory: 4k page, system-wide physical 16215M (3693M free)
TotalPageFile size 46583M (AvailPageFile size 4M)
current process WorkingSet (physical memory assigned to process): 35M, peak: 35M
current process commit charge ("private bytes"): 346M, peak: 346M

vm_info: Java HotSpot(TM) 64-Bit Server VM (18.0.2.1+1-1) for windows-amd64 JRE (18.0.2.1+1-1), built on Aug 16 2022 01:46:33 by "mach5one" with MS VC++ 16.8 / 16.9 (VS2019)

END.
